<?xml version="1.0" encoding="UTF-8"?>
<!-- Generated by org.testng.reporters.JUnitXMLReporter -->
<testsuite ignored="0" hostname="INIDC-DENI05" failures="0" tests="4" name="Test" time="0.054" errors="0" timestamp="2021-10-26T17:36:36 IST">
  <testcase classname="mainScript.DriverScript" name="@BeforeClass preRequiste" time="0.006">
    <failure type="java.io.FileNotFoundException" message="E:\20AprilBatch\HybridFramework_WithTESTNG\Indigo Test Cases.xlsx (The system cannot find the path specified)">
      <![CDATA[java.io.FileNotFoundException: E:\20AprilBatch\HybridFramework_WithTESTNG\Indigo Test Cases.xlsx (The system cannot find the path specified)
at java.base/java.io.FileInputStream.open0(Native Method)
at java.base/java.io.FileInputStream.open(FileInputStream.java:211)
at java.base/java.io.FileInputStream.<init>(FileInputStream.java:153)
at utility.ExcelReadWrite.excelPath(ExcelReadWrite.java:22)
at mainScript.DriverScript.preRequiste(DriverScript.java:18)
at java.base/java.util.ArrayList.forEach(ArrayList.java:1511)
... Removed 25 stack frames]]>
    </failure>
  </testcase> <!-- @BeforeClass preRequiste -->
  <testcase classname="mainScript.DriverScript" name="tc01" time="0.0">
    <skipped/>
  </testcase> <!-- tc01 -->
  <testcase classname="mainScript.DriverScript" name="tc02" time="0.0">
    <skipped/>
  </testcase> <!-- tc02 -->
  <testcase classname="mainScript.DriverScript" name="tc03" time="0.0">
    <skipped/>
  </testcase> <!-- tc03 -->
  <testcase classname="mainScript.DriverScript" name="tc04" time="0.0">
    <skipped/>
  </testcase> <!-- tc04 -->
</testsuite> <!-- Test -->
